{"C:\\Users\\Guendoline Gamino\\NodeProjects\\fullstack-backend\\src\\controllers\\project.js": {"path":"C:\\Users\\Guendoline Gamino\\NodeProjects\\fullstack-backend\\src\\controllers\\project.js","statementMap":{"0":{"start":{"line":1,"column":23},"end":{"line":1,"column":54}},"1":{"start":{"line":3,"column":0},"end":{"line":18,"column":2}},"2":{"start":{"line":4,"column":3},"end":{"line":17,"column":4}},"3":{"start":{"line":5,"column":19},"end":{"line":5,"column":53}},"4":{"start":{"line":6,"column":4},"end":{"line":8,"column":7}},"5":{"start":{"line":13,"column":4},"end":{"line":13,"column":30}},"6":{"start":{"line":14,"column":4},"end":{"line":16,"column":7}},"7":{"start":{"line":20,"column":0},"end":{"line":34,"column":1}},"8":{"start":{"line":21,"column":4},"end":{"line":33,"column":5}},"9":{"start":{"line":22,"column":27},"end":{"line":22,"column":71}},"10":{"start":{"line":23,"column":8},"end":{"line":26,"column":11}},"11":{"start":{"line":29,"column":8},"end":{"line":29,"column":34}},"12":{"start":{"line":30,"column":8},"end":{"line":32,"column":10}},"13":{"start":{"line":37,"column":0},"end":{"line":50,"column":1}},"14":{"start":{"line":38,"column":4},"end":{"line":49,"column":5}},"15":{"start":{"line":39,"column":22},"end":{"line":39,"column":72}},"16":{"start":{"line":41,"column":8},"end":{"line":43,"column":10}},"17":{"start":{"line":45,"column":8},"end":{"line":45,"column":34}},"18":{"start":{"line":46,"column":8},"end":{"line":48,"column":10}},"19":{"start":{"line":52,"column":0},"end":{"line":64,"column":2}},"20":{"start":{"line":54,"column":4},"end":{"line":63,"column":5}},"21":{"start":{"line":55,"column":21},"end":{"line":55,"column":31}},"22":{"start":{"line":56,"column":28},"end":{"line":56,"column":36}},"23":{"start":{"line":57,"column":32},"end":{"line":57,"column":83}},"24":{"start":{"line":58,"column":8},"end":{"line":58,"column":45}},"25":{"start":{"line":62,"column":8},"end":{"line":62,"column":57}}},"fnMap":{"0":{"name":"(anonymous_0)","decl":{"start":{"line":3,"column":22},"end":{"line":3,"column":23}},"loc":{"start":{"line":3,"column":42},"end":{"line":18,"column":1}},"line":3},"1":{"name":"(anonymous_1)","decl":{"start":{"line":20,"column":24},"end":{"line":20,"column":25}},"loc":{"start":{"line":20,"column":42},"end":{"line":34,"column":1}},"line":20},"2":{"name":"(anonymous_2)","decl":{"start":{"line":37,"column":25},"end":{"line":37,"column":26}},"loc":{"start":{"line":37,"column":44},"end":{"line":50,"column":1}},"line":37},"3":{"name":"(anonymous_3)","decl":{"start":{"line":52,"column":24},"end":{"line":52,"column":25}},"loc":{"start":{"line":52,"column":41},"end":{"line":64,"column":1}},"line":52}},"branchMap":{},"s":{"0":1,"1":1,"2":0,"3":0,"4":0,"5":0,"6":0,"7":1,"8":0,"9":0,"10":0,"11":0,"12":0,"13":1,"14":0,"15":0,"16":0,"17":0,"18":0,"19":1,"20":4,"21":4,"22":4,"23":4,"24":3,"25":1},"f":{"0":0,"1":0,"2":0,"3":4},"b":{},"_coverageSchema":"1a1c01bbd47fc00a2c39e90264f33305004495a9","hash":"f9a3351c9e384512b40f4582e3610dc2d5ebcd13"}
,"C:\\Users\\Guendoline Gamino\\NodeProjects\\fullstack-backend\\src\\models\\project.js": {"path":"C:\\Users\\Guendoline Gamino\\NodeProjects\\fullstack-backend\\src\\models\\project.js","statementMap":{"0":{"start":{"line":1,"column":17},"end":{"line":1,"column":36}},"1":{"start":{"line":2,"column":15},"end":{"line":2,"column":30}},"2":{"start":{"line":4,"column":22},"end":{"line":27,"column":2}},"3":{"start":{"line":28,"column":0},"end":{"line":28,"column":58}}},"fnMap":{},"branchMap":{},"s":{"0":2,"1":2,"2":2,"3":2},"f":{},"b":{},"_coverageSchema":"1a1c01bbd47fc00a2c39e90264f33305004495a9","hash":"cc7665be8a50f2c0ed0444f01b25ba4c700fa13f"}
,"C:\\Users\\Guendoline Gamino\\NodeProjects\\fullstack-backend\\src\\services\\projects.js": {"path":"C:\\Users\\Guendoline Gamino\\NodeProjects\\fullstack-backend\\src\\services\\projects.js","statementMap":{"0":{"start":{"line":1,"column":20},"end":{"line":1,"column":38}},"1":{"start":{"line":2,"column":16},"end":{"line":2,"column":44}},"2":{"start":{"line":5,"column":0},"end":{"line":8,"column":2}},"3":{"start":{"line":6,"column":19},"end":{"line":6,"column":46}},"4":{"start":{"line":7,"column":4},"end":{"line":7,"column":20}},"5":{"start":{"line":10,"column":0},"end":{"line":13,"column":1}},"6":{"start":{"line":11,"column":18},"end":{"line":11,"column":58}},"7":{"start":{"line":12,"column":4},"end":{"line":12,"column":19}},"8":{"start":{"line":15,"column":0},"end":{"line":26,"column":1}},"9":{"start":{"line":16,"column":20},"end":{"line":23,"column":6}},"10":{"start":{"line":25,"column":4},"end":{"line":25,"column":32}},"11":{"start":{"line":28,"column":0},"end":{"line":33,"column":2}},"12":{"start":{"line":29,"column":4},"end":{"line":31,"column":21}},"13":{"start":{"line":35,"column":0},"end":{"line":37,"column":1}},"14":{"start":{"line":36,"column":4},"end":{"line":36,"column":47}}},"fnMap":{"0":{"name":"(anonymous_0)","decl":{"start":{"line":5,"column":22},"end":{"line":5,"column":23}},"loc":{"start":{"line":5,"column":34},"end":{"line":8,"column":1}},"line":5},"1":{"name":"(anonymous_1)","decl":{"start":{"line":10,"column":25},"end":{"line":10,"column":26}},"loc":{"start":{"line":10,"column":37},"end":{"line":13,"column":1}},"line":10},"2":{"name":"(anonymous_2)","decl":{"start":{"line":15,"column":24},"end":{"line":15,"column":25}},"loc":{"start":{"line":15,"column":46},"end":{"line":26,"column":1}},"line":15},"3":{"name":"(anonymous_3)","decl":{"start":{"line":28,"column":24},"end":{"line":28,"column":25}},"loc":{"start":{"line":28,"column":51},"end":{"line":33,"column":1}},"line":28},"4":{"name":"(anonymous_4)","decl":{"start":{"line":35,"column":24},"end":{"line":35,"column":25}},"loc":{"start":{"line":35,"column":37},"end":{"line":37,"column":1}},"line":35}},"branchMap":{},"s":{"0":2,"1":2,"2":2,"3":0,"4":0,"5":2,"6":0,"7":0,"8":2,"9":0,"10":0,"11":2,"12":4,"13":2,"14":1},"f":{"0":0,"1":0,"2":0,"3":4,"4":1},"b":{},"_coverageSchema":"1a1c01bbd47fc00a2c39e90264f33305004495a9","hash":"d05de1eabdbc0d508c05b4660b7c8356d3f9a409"}
}
