TN:
SF:src\controllers\project.js
FN:3,(anonymous_0)
FN:20,(anonymous_1)
FN:37,(anonymous_2)
FN:52,(anonymous_3)
FNF:4
FNH:1
FNDA:0,(anonymous_0)
FNDA:0,(anonymous_1)
FNDA:0,(anonymous_2)
FNDA:4,(anonymous_3)
DA:1,1
DA:3,1
DA:4,0
DA:5,0
DA:6,0
DA:13,0
DA:14,0
DA:20,1
DA:21,0
DA:22,0
DA:23,0
DA:29,0
DA:30,0
DA:37,1
DA:38,0
DA:39,0
DA:41,0
DA:45,0
DA:46,0
DA:52,1
DA:54,4
DA:55,4
DA:56,4
DA:57,4
DA:58,3
DA:62,1
LF:26
LH:11
BRF:0
BRH:0
end_of_record
TN:
SF:src\models\project.js
FNF:0
FNH:0
DA:1,2
DA:2,2
DA:4,2
DA:28,2
LF:4
LH:4
BRF:0
BRH:0
end_of_record
TN:
SF:src\services\projects.js
FN:5,(anonymous_0)
FN:10,(anonymous_1)
FN:15,(anonymous_2)
FN:28,(anonymous_3)
FN:35,(anonymous_4)
FNF:5
FNH:2
FNDA:0,(anonymous_0)
FNDA:0,(anonymous_1)
FNDA:0,(anonymous_2)
FNDA:4,(anonymous_3)
FNDA:1,(anonymous_4)
DA:1,2
DA:2,2
DA:5,2
DA:6,0
DA:7,0
DA:10,2
DA:11,0
DA:12,0
DA:15,2
DA:16,0
DA:25,0
DA:28,2
DA:29,4
DA:35,2
DA:36,1
LF:15
LH:9
BRF:0
BRH:0
end_of_record
